<?xml version="1.0" encoding="UTF-8"?>
<testsuite xmlns:xsi="http://www.w3.org/2001/XMLSchema-instance" xsi:noNamespaceSchemaLocation="https://maven.apache.org/surefire/maven-surefire-plugin/xsd/surefire-test-report-3.0.xsd" version="3.0" name="ch.hslu.vsk.stringpersistor.impl.StringPersistorFileTest" time="0.156" tests="6" errors="0" skipped="0" failures="0">
  <properties>
[...]
</properties>
  <testcase name="testGet" classname="ch.hslu.vsk.stringpersistor.impl.StringPersistorFileTest" time="0.098"/>
  <testcase name="testSave" classname="ch.hslu.vsk.stringpersistor.impl.StringPersistorFileTest" time="0.006"/>
  <testcase name="testSaveTimestampNull" classname="ch.hslu.vsk.stringpersistor.impl.StringPersistorFileTest" time="0.003"/>
  <testcase name="testSetFile" classname="ch.hslu.vsk.stringpersistor.impl.StringPersistorFileTest" time="0.003"/>
  <testcase name="testConstructor" classname="ch.hslu.vsk.stringpersistor.impl.StringPersistorFileTest" time="0.003"/>
  <testcase name="testSavePayloadNull" classname="ch.hslu.vsk.stringpersistor.impl.StringPersistorFileTest" time="0.003"/>
</testsuite>